<?xml version="1.0" encoding="UTF-8"?>
<!-- Generated by org.testng.reporters.JUnitReportReporter -->
<testsuite hostname="Arushikhas-Air" failures="0" tests="1" name="Testcases.TC_006_Scrolldown" time="5.598" errors="0" timestamp="2024-12-20T14:12:32 EST" skipped="0">
  <testcase classname="Testcases.TC_006_Scrolldown" name="scrolldowning" time="5.598"/>
</testsuite> <!-- Testcases.TC_006_Scrolldown -->
