<?xml version="1.0" encoding="UTF-8"?>
<!-- Generated by org.testng.reporters.JUnitReportReporter -->
<testsuite hostname="Arushikhas-Air" failures="0" tests="1" name="Testcases.TC_002_Login" time="1.101" errors="0" timestamp="2024-12-20T14:12:32 EST" skipped="0">
  <testcase classname="Testcases.TC_002_Login" name="login" time="1.101"/>
</testsuite> <!-- Testcases.TC_002_Login -->
