<?xml version="1.0" encoding="UTF-8"?>
<!-- Generated by org.testng.reporters.JUnitReportReporter -->
<testsuite hostname="Arushikhas-MacBook-Air.local" failures="0" tests="1" name="Testcases.TC_002_Login" time="3.664" errors="0" timestamp="2024-12-05T18:12:37 EST" skipped="0">
  <testcase classname="Testcases.TC_002_Login" name="login" time="3.664"/>
</testsuite> <!-- Testcases.TC_002_Login -->
