<?xml version="1.0" encoding="UTF-8"?>
<!-- Generated by org.testng.reporters.JUnitReportReporter -->
<testsuite hostname="Arushikhas-MacBook-Air.local" failures="0" tests="1" name="Testcases.TC_001_Accregistration" time="0.359" errors="0" timestamp="2024-12-05T18:12:37 EST" skipped="0">
  <testcase classname="Testcases.TC_001_Accregistration" name="accountregistration" time="0.359"/>
</testsuite> <!-- Testcases.TC_001_Accregistration -->
